<?xml version="1.0" encoding="UTF-8"?>
<!-- Generated by org.testng.reporters.JUnitXMLReporter -->
<testsuite ignored="0" hostname="DESKTOP-LHVDPIO" failures="0" tests="4" name="Test456" time="247.509" errors="0" timestamp="2023-02-05T22:52:12 PST">
  <testcase classname="TestNG.Intro_Suit" name="test" time="0.012"/>
  <testcase classname="TestNG.LapTopTestNG" name="include" time="0.003"/>
  <testcase classname="TestNG.LapTopTestNG" name="testLappy" time="110.486"/>
  <testcase classname="TestNG.SellTestNG" name="test1BestSeller" time="27.029"/>
</testsuite> <!-- Test456 -->
