<?xml version="1.0" encoding="UTF-8"?>
<!-- Generated by org.testng.reporters.JUnitXMLReporter -->
<testsuite ignored="0" hostname="DESKTOP-LHVDPIO" failures="0" tests="3" name="Test123" time="0.185" errors="0" timestamp="2023-02-10T13:19:42 PST">
  <testcase classname="TestNG.LapTopTestNG" name="@BeforeTest launchbrowser" time="-1.676063982458E9">
    <failure type="org.testng.TestNGException" message="
Parameter &amp;apos;browser&amp;apos; is required by BeforeTest on method launchbrowser but has not been marked @Optional or defined
in C:\Users\HP\eclipse\java-2022-09\Amazon\testngAmazon.xml">
      <![CDATA[org.testng.TestNGException: 
Parameter 'browser' is required by BeforeTest on method launchbrowser but has not been marked @Optional or defined
in C:\Users\HP\eclipse\java-2022-09\Amazon\testngAmazon.xml
... Removed 21 stack frames]]>
    </failure>
  </testcase> <!-- @BeforeTest launchbrowser -->
  <testcase classname="TestNG.SellTestNG" name="@BeforeTest launchbrowser" time="0.0">
    <skipped/>
  </testcase> <!-- @BeforeTest launchbrowser -->
  <testcase classname="TestNG.LapTopTestNG" name="@BeforeClass beforeclass" time="0.0">
    <skipped/>
  </testcase> <!-- @BeforeClass beforeclass -->
  <testcase classname="TestNG.LapTopTestNG" name="@BeforeMethod beforeMethod" time="0.0">
    <skipped/>
  </testcase> <!-- @BeforeMethod beforeMethod -->
  <testcase classname="TestNG.LapTopTestNG" name="@AfterMethod aftermethod" time="0.0">
    <skipped/>
  </testcase> <!-- @AfterMethod aftermethod -->
  <testcase classname="TestNG.LapTopTestNG" name="@BeforeMethod beforeMethod" time="0.0">
    <skipped/>
  </testcase> <!-- @BeforeMethod beforeMethod -->
  <testcase classname="TestNG.LapTopTestNG" name="@AfterMethod aftermethod" time="0.0">
    <skipped/>
  </testcase> <!-- @AfterMethod aftermethod -->
  <testcase classname="TestNG.LapTopTestNG" name="@AfterClass afterclass" time="0.0">
    <skipped/>
  </testcase> <!-- @AfterClass afterclass -->
  <testcase classname="TestNG.SellTestNG" name="@BeforeClass beforeclass" time="0.0">
    <skipped/>
  </testcase> <!-- @BeforeClass beforeclass -->
  <testcase classname="TestNG.SellTestNG" name="@BeforeMethod beforeMethod" time="0.0">
    <skipped/>
  </testcase> <!-- @BeforeMethod beforeMethod -->
  <testcase classname="TestNG.SellTestNG" name="@AfterMethod aftermethod" time="0.0">
    <skipped/>
  </testcase> <!-- @AfterMethod aftermethod -->
  <testcase classname="TestNG.SellTestNG" name="@AfterClass afterclass" time="0.0">
    <skipped/>
  </testcase> <!-- @AfterClass afterclass -->
  <testcase classname="TestNG.LapTopTestNG" name="@AfterTest afterTest" time="0.0">
    <skipped/>
  </testcase> <!-- @AfterTest afterTest -->
  <testcase classname="TestNG.LapTopTestNG" name="include" time="0.001">
    <skipped/>
  </testcase> <!-- include -->
  <testcase classname="TestNG.LapTopTestNG" name="testLappy" time="0.0">
    <skipped/>
  </testcase> <!-- testLappy -->
  <testcase classname="TestNG.SellTestNG" name="test1BestSeller" time="0.0">
    <skipped/>
  </testcase> <!-- test1BestSeller -->
</testsuite> <!-- Test123 -->
